[debug] [2019-01-07T14:34:00.218Z] ----------------------------------------------------------------------
[debug] [2019-01-07T14:34:00.222Z] Command:       C:\Program Files\nodejs\node.exe C:\Users\SrujanP\AppData\Roaming\npm\node_modules\firebase-tools\lib\bin\firebase.js serve
[debug] [2019-01-07T14:34:00.222Z] CLI Version:   6.2.2
[debug] [2019-01-07T14:34:00.222Z] Platform:      win32
[debug] [2019-01-07T14:34:00.222Z] Node Version:  v11.6.0
[debug] [2019-01-07T14:34:00.225Z] Time:          Mon Jan 07 2019 20:04:00 GMT+0530 (India Standard Time)
[debug] [2019-01-07T14:34:00.225Z] ----------------------------------------------------------------------
[debug] 
[debug] [2019-01-07T14:34:00.242Z] > command requires scopes: ["email","openid","https://www.googleapis.com/auth/cloudplatformprojects.readonly","https://www.googleapis.com/auth/firebase","https://www.googleapis.com/auth/cloud-platform"]
[debug] [2019-01-07T14:34:00.249Z] > authorizing via signed-in user
[debug] [2019-01-07T14:34:00.249Z] [iam] checking project cognizantpwa for permissions ["firebase.projects.get"]
[debug] [2019-01-07T14:34:00.252Z] >>> HTTP REQUEST POST https://cloudresourcemanager.googleapis.com/v1/projects/cognizantpwa:testIamPermissions  

[debug] [2019-01-07T14:34:01.719Z] <<< HTTP RESPONSE 200
[debug] [2019-01-07T14:34:01.721Z] >>> HTTP REQUEST GET https://cloudresourcemanager.googleapis.com/v1/projects/cognizantpwa  
 
[debug] [2019-01-07T14:34:03.114Z] <<< HTTP RESPONSE 200
[info] 
[info] === Serving from 'C:\Users\SrujanP\Desktop\pwa'...
[info] 
[debug] [2019-01-07T14:34:03.128Z] >>> HTTP REQUEST GET https://mobilesdk-pa.googleapis.com/v1/projects/78106394146/clients/_:getWebAppConfig  
 
[debug] [2019-01-07T14:34:03.696Z] <<< HTTP RESPONSE 200
[info] i  hosting: Serving hosting files from: root
[info] +  hosting: Local server: http://localhost:5000
